<?xml version="1.0" encoding="UTF-8"?>
<testng-results ignored="0" total="1" passed="0" failed="1" skipped="0">
  <reporter-output>
  </reporter-output>
  <suite started-at="2021-09-10T12:35:03Z" name="testNGSuite" finished-at="2021-09-10T12:35:12Z" duration-ms="9328">
    <groups>
      <group name="cucumber">
        <method signature="AbstractTestNGCucumberTests.runScenario(io.cucumber.testng.PickleWrapper, io.cucumber.testng.FeatureWrapper)[pri:0, instance:com.qa.test.runner.TestRunner@11bd0f3b]" name="runScenario" class="io.cucumber.testng.AbstractTestNGCucumberTests"/>
      </group> <!-- cucumber -->
    </groups>
    <test started-at="2021-09-10T12:35:03Z" name="GoibiboTest" finished-at="2021-09-10T12:35:12Z" duration-ms="9328">
      <class name="com.qa.test.runner.TestRunner">
        <test-method is-config="true" signature="setUpClass()[pri:0, instance:com.qa.test.runner.TestRunner@11bd0f3b]" started-at="2021-09-10T12:35:03Z" name="setUpClass" finished-at="2021-09-10T12:35:04Z" duration-ms="845" status="PASS">
          <reporter-output>
          </reporter-output>
        </test-method> <!-- setUpClass -->
        <test-method signature="runScenario(io.cucumber.testng.PickleWrapper, io.cucumber.testng.FeatureWrapper)[pri:0, instance:com.qa.test.runner.TestRunner@11bd0f3b]" started-at="2021-09-10T12:35:04Z" name="runScenario" description="Runs Cucumber Scenarios" data-provider="scenarios" finished-at="2021-09-10T12:35:09Z" duration-ms="4998" status="FAIL">
          <params>
            <param index="0">
              <value>
                <![CDATA["Verify user is able to book and view ticket details"]]>
              </value>
            </param>
            <param index="1">
              <value>
                <![CDATA["Optional[Goibibo Ticket Booking]"]]>
              </value>
            </param>
          </params>
          <exception class="java.lang.AssertionError">
            <message>
              <![CDATA[expected [false] but found [true]]]>
            </message>
            <full-stacktrace>
              <![CDATA[java.lang.AssertionError: expected [false] but found [true]
at org.testng.Assert.fail(Assert.java:96)
at org.testng.Assert.failNotEquals(Assert.java:776)
at org.testng.Assert.assertFalse(Assert.java:65)
at org.testng.Assert.assertFalse(Assert.java:75)
at com.qa.test.base.TestBase.invokeBrowser(TestBase.java:62)
at com.qa.test.base.TestBase.before(TestBase.java:71)
]]>
            </full-stacktrace>
          </exception> <!-- java.lang.AssertionError -->
          <reporter-output>
          </reporter-output>
        </test-method> <!-- runScenario -->
        <test-method is-config="true" signature="tearDownClass()[pri:0, instance:com.qa.test.runner.TestRunner@11bd0f3b]" started-at="2021-09-10T12:35:09Z" name="tearDownClass" finished-at="2021-09-10T12:35:12Z" duration-ms="3441" status="PASS">
          <reporter-output>
          </reporter-output>
        </test-method> <!-- tearDownClass -->
      </class> <!-- com.qa.test.runner.TestRunner -->
    </test> <!-- GoibiboTest -->
  </suite> <!-- testNGSuite -->
</testng-results>
